<?xml version="1.0" encoding="UTF-8"?>
<!-- Generated by org.testng.reporters.JUnitXMLReporter -->
<testsuite ignored="0" hostname="LAPTOP-JUND32GT" failures="0" tests="2" name="Default test" time="1.711" errors="0" timestamp="2024-07-30T17:32:05 IST">
  <testcase classname="ResponseBuilder_Specification.ResBuilderAndSpec" name="validateResponse" time="1.079"/>
  <testcase classname="ResponseBuilder_Specification.ResBuilderAndSpec" name="validateResponseWithRegularApproach" time="0.236"/>
</testsuite> <!-- Default test -->
