<?xml version="1.0" encoding="UTF-8"?>
<!-- Generated by org.testng.reporters.JUnitXMLReporter -->
<testsuite ignored="3" hostname="LAPTOP-JUND32GT" failures="0" tests="1" name="Default test" time="1.407" errors="0" timestamp="2024-07-30T16:40:06 IST">
  <testcase classname="Headers.ReqHeadersImplemention" name="bddApproach" time="1.381"/>
  <testcase classname="Headers.ReqHeadersImplemention" name="simpleHeader" time="0.0">
    <ignored/>
  </testcase> <!-- simpleHeader -->
  <testcase classname="Headers.ReqHeadersImplemention" name="hadersMethod" time="0.0">
    <ignored/>
  </testcase> <!-- hadersMethod -->
  <testcase classname="Headers.ReqHeadersImplemention" name="usingHeaderClass" time="0.0">
    <ignored/>
  </testcase> <!-- usingHeaderClass -->
</testsuite> <!-- Default test -->
