<?xml version="1.0" encoding="UTF-8"?>
<testng-results ignored="0" total="2" passed="2" failed="0" skipped="0">
  <reporter-output>
  </reporter-output>
  <suite started-at="2024-07-30T17:32:03 IST" name="Default suite" finished-at="2024-07-30T17:32:05 IST" duration-ms="1711">
    <groups>
    </groups>
    <test started-at="2024-07-30T17:32:03 IST" name="Default test" finished-at="2024-07-30T17:32:05 IST" duration-ms="1711">
      <class name="ResponseBuilder_Specification.ResBuilderAndSpec">
        <test-method is-config="true" signature="createBuilder()[pri:0, instance:ResponseBuilder_Specification.ResBuilderAndSpec@437da279]" started-at="2024-07-30T17:32:03 IST" name="createBuilder" finished-at="2024-07-30T17:32:04 IST" duration-ms="372" status="PASS">
          <reporter-output>
          </reporter-output>
        </test-method> <!-- createBuilder -->
        <test-method signature="validateResponse()[pri:0, instance:ResponseBuilder_Specification.ResBuilderAndSpec@437da279]" started-at="2024-07-30T17:32:04 IST" name="validateResponse" finished-at="2024-07-30T17:32:05 IST" duration-ms="1079" status="PASS">
          <reporter-output>
          </reporter-output>
        </test-method> <!-- validateResponse -->
        <test-method signature="validateResponseWithRegularApproach()[pri:0, instance:ResponseBuilder_Specification.ResBuilderAndSpec@437da279]" started-at="2024-07-30T17:32:05 IST" name="validateResponseWithRegularApproach" finished-at="2024-07-30T17:32:05 IST" duration-ms="236" status="PASS">
          <reporter-output>
          </reporter-output>
        </test-method> <!-- validateResponseWithRegularApproach -->
      </class> <!-- ResponseBuilder_Specification.ResBuilderAndSpec -->
    </test> <!-- Default test -->
  </suite> <!-- Default suite -->
</testng-results>
