<?xml version="1.0" encoding="UTF-8"?>
<testng-results ignored="0" total="1" passed="1" failed="0" skipped="0">
  <reporter-output>
  </reporter-output>
  <suite started-at="2024-07-31T09:12:45 IST" name="Default suite" finished-at="2024-07-31T09:12:47 IST" duration-ms="2098">
    <groups>
    </groups>
    <test started-at="2024-07-31T09:12:45 IST" name="Default test" finished-at="2024-07-31T09:12:47 IST" duration-ms="2098">
      <class name="JsonSchemaValidator.SchemaJsonValidator">
        <test-method signature="schemaValidation()[pri:0, instance:JsonSchemaValidator.SchemaJsonValidator@5a56cdac]" started-at="2024-07-31T09:12:45 IST" name="schemaValidation" finished-at="2024-07-31T09:12:47 IST" duration-ms="2073" status="PASS">
          <reporter-output>
          </reporter-output>
        </test-method> <!-- schemaValidation -->
      </class> <!-- JsonSchemaValidator.SchemaJsonValidator -->
    </test> <!-- Default test -->
  </suite> <!-- Default suite -->
</testng-results>
